16:38:17.990 [main] INFO  o.s.c.c.c.ConfigServicePropertySourceLocator.locate 73 - Fetching config from server at: http://localhost:8083
16:38:18.068 [main] WARN  o.s.c.c.c.ConfigServicePropertySourceLocator.locate 114 - Could not locate PropertySource: I/O error on GET request for "http://localhost:8083/opendashboard/demo": Connection refused (Connection refused); nested exception is java.net.ConnectException: Connection refused (Connection refused)
16:38:18.069 [main] INFO  o.s.boot.SpringApplication.logStartupProfileInfo 663 - The following profiles are active: demo
16:38:18.077 [main] INFO  o.s.c.s.AbstractApplicationContext.prepareRefresh 581 - Refreshing org.springframework.boot.context.embedded.AnnotationConfigEmbeddedWebApplicationContext@47641b02: startup date [Mon Oct 28 16:38:18 MDT 2019]; parent: org.springframework.context.annotation.AnnotationConfigApplicationContext@1c300d43
16:38:18.775 [main] WARN  o.s.c.a.ConfigurationClassPostProcessor.enhanceConfigurationClasses 386 - Cannot enhance @Configuration bean definition 'refreshScope' since its singleton instance has been created too early. The typical cause is a non-static @Bean method with a BeanDefinitionRegistryPostProcessor return type: Consider declaring such methods as 'static'.
16:38:18.881 [main] INFO  o.s.cloud.context.scope.GenericScope.setSerializationId 263 - BeanFactory id=b3ffc40f-0f57-3cad-b425-a0e8bc10b589
16:38:18.948 [main] INFO  o.s.c.s.PostProcessorRegistrationDelegate$BeanPostProcessorChecker.postProcessAfterInitialization 328 - Bean 'org.springframework.ws.config.annotation.DelegatingWsConfiguration' of type [class org.springframework.ws.config.annotation.DelegatingWsConfiguration$$EnhancerBySpringCGLIB$$74994d21] is not eligible for getting processed by all BeanPostProcessors (for example: not eligible for auto-proxying)
16:38:18.970 [main] INFO  o.s.w.s.a.s.AbstractAddressingEndpointMapping.afterPropertiesSet 236 - Supporting [WS-Addressing August 2004, WS-Addressing 1.0]
16:38:18.998 [main] INFO  o.s.c.s.PostProcessorRegistrationDelegate$BeanPostProcessorChecker.postProcessAfterInitialization 328 - Bean 'org.springframework.security.config.annotation.configuration.ObjectPostProcessorConfiguration' of type [class org.springframework.security.config.annotation.configuration.ObjectPostProcessorConfiguration$$EnhancerBySpringCGLIB$$68af505c] is not eligible for getting processed by all BeanPostProcessors (for example: not eligible for auto-proxying)
16:38:19.004 [main] INFO  o.s.c.s.PostProcessorRegistrationDelegate$BeanPostProcessorChecker.postProcessAfterInitialization 328 - Bean 'objectPostProcessor' of type [class org.springframework.security.config.annotation.configuration.AutowireBeanFactoryObjectPostProcessor] is not eligible for getting processed by all BeanPostProcessors (for example: not eligible for auto-proxying)
16:38:19.007 [main] INFO  o.s.c.s.PostProcessorRegistrationDelegate$BeanPostProcessorChecker.postProcessAfterInitialization 328 - Bean 'org.springframework.security.access.expression.method.DefaultMethodSecurityExpressionHandler@4d80bcef' of type [class org.springframework.security.oauth2.provider.expression.OAuth2MethodSecurityExpressionHandler] is not eligible for getting processed by all BeanPostProcessors (for example: not eligible for auto-proxying)
16:38:19.015 [main] INFO  o.s.c.s.PostProcessorRegistrationDelegate$BeanPostProcessorChecker.postProcessAfterInitialization 328 - Bean 'org.springframework.security.config.annotation.method.configuration.GlobalMethodSecurityConfiguration' of type [class org.springframework.security.config.annotation.method.configuration.GlobalMethodSecurityConfiguration$$EnhancerBySpringCGLIB$$8d83f30e] is not eligible for getting processed by all BeanPostProcessors (for example: not eligible for auto-proxying)
16:38:19.023 [main] INFO  o.s.c.s.PostProcessorRegistrationDelegate$BeanPostProcessorChecker.postProcessAfterInitialization 328 - Bean 'methodSecurityMetadataSource' of type [class org.springframework.security.access.method.DelegatingMethodSecurityMetadataSource] is not eligible for getting processed by all BeanPostProcessors (for example: not eligible for auto-proxying)
16:38:19.032 [main] INFO  o.s.c.s.PostProcessorRegistrationDelegate$BeanPostProcessorChecker.postProcessAfterInitialization 328 - Bean 'org.springframework.cloud.autoconfigure.ConfigurationPropertiesRebinderAutoConfiguration' of type [class org.springframework.cloud.autoconfigure.ConfigurationPropertiesRebinderAutoConfiguration$$EnhancerBySpringCGLIB$$ec1b8b1f] is not eligible for getting processed by all BeanPostProcessors (for example: not eligible for auto-proxying)
16:38:19.412 [main] INFO  o.s.b.c.e.t.TomcatEmbeddedServletContainer.initialize 88 - Tomcat initialized with port(s): 8081 (http)
16:38:19.420 [main] INFO  org.apache.juli.logging.DirectJDKLog.log 179 - Starting service Tomcat
16:38:19.421 [main] INFO  org.apache.juli.logging.DirectJDKLog.log 179 - Starting Servlet Engine: Apache Tomcat/8.5.4
16:38:19.470 [localhost-startStop-1] INFO  org.apache.juli.logging.DirectJDKLog.log 179 - Initializing Spring embedded WebApplicationContext
16:38:19.758 [localhost-startStop-1] INFO  c.m.diagnostics.logging.SLF4JLogger.info 71 - Cluster created with settings {hosts=[localhost:27017], mode=SINGLE, requiredClusterType=UNKNOWN, serverSelectionTimeout='30000 ms', maxWaitQueueSize=500}
16:38:19.799 [cluster-ClusterId{value='5db76ddb20151941c62fc72b', description='null'}-localhost:27017] INFO  c.m.diagnostics.logging.SLF4JLogger.info 71 - Opened connection [connectionId{localValue:1, serverValue:17}] to localhost:27017
16:38:19.801 [cluster-ClusterId{value='5db76ddb20151941c62fc72b', description='null'}-localhost:27017] INFO  c.m.diagnostics.logging.SLF4JLogger.info 71 - Monitor thread successfully connected to server with description ServerDescription{address=localhost:27017, type=STANDALONE, state=CONNECTED, ok=true, version=ServerVersion{versionList=[4, 0, 7]}, minWireVersion=0, maxWireVersion=7, maxDocumentSize=16777216, roundTripTimeNanos=548062}
16:38:20.094 [localhost-startStop-1] INFO  c.m.diagnostics.logging.SLF4JLogger.info 71 - Opened connection [connectionId{localValue:2, serverValue:18}] to localhost:27017
16:38:20.142 [localhost-startStop-1] INFO  o.s.b.w.s.AbstractFilterRegistrationBean.configure 271 - Mapping filter: 'exceptionFilter' to urls: [/, /api/*, /cm/*]
16:38:20.143 [localhost-startStop-1] INFO  o.s.b.w.s.AbstractFilterRegistrationBean.configure 258 - Mapping filter: 'characterEncodingFilter' to: [/*]
16:38:20.143 [localhost-startStop-1] INFO  o.s.b.w.s.AbstractFilterRegistrationBean.configure 258 - Mapping filter: 'springSessionRepositoryFilter' to: [/*]
16:38:20.143 [localhost-startStop-1] INFO  o.s.b.w.s.AbstractFilterRegistrationBean.configure 258 - Mapping filter: 'hiddenHttpMethodFilter' to: [/*]
16:38:20.143 [localhost-startStop-1] INFO  o.s.b.w.s.AbstractFilterRegistrationBean.configure 258 - Mapping filter: 'httpPutFormContentFilter' to: [/*]
16:38:20.143 [localhost-startStop-1] INFO  o.s.b.w.s.AbstractFilterRegistrationBean.configure 258 - Mapping filter: 'requestContextFilter' to: [/*]
16:38:20.144 [localhost-startStop-1] INFO  o.s.b.w.s.AbstractFilterRegistrationBean.configure 258 - Mapping filter: 'springSecurityFilterChain' to: [/*]
16:38:20.145 [localhost-startStop-1] INFO  o.s.b.w.s.AbstractFilterRegistrationBean.configure 271 - Mapping filter: 'OAuthFilter' to urls: [/lti]
16:38:20.145 [localhost-startStop-1] INFO  o.s.b.w.s.ServletRegistrationBean.onStartup 190 - Mapping servlet: 'dispatcherServlet' to [/]
16:38:20.146 [localhost-startStop-1] INFO  o.s.b.w.s.ServletRegistrationBean.onStartup 190 - Mapping servlet: 'messageDispatcherServlet' to [/services/*]
16:38:20.165 [localhost-startStop-1] DEBUG o.s.web.filter.GenericFilterBean.init 177 - Initializing filter 'exceptionFilter'
16:38:20.166 [localhost-startStop-1] DEBUG o.s.web.filter.GenericFilterBean.init 202 - Filter 'exceptionFilter' configured successfully
16:38:20.943 [main] INFO  o.s.s.web.DefaultSecurityFilterChain.<init> 43 - Creating filter chain: Ant [pattern='/assets/**'], []
16:38:20.943 [main] INFO  o.s.s.web.DefaultSecurityFilterChain.<init> 43 - Creating filter chain: Ant [pattern='/favicon.ico'], []
16:38:20.943 [main] INFO  o.s.s.web.DefaultSecurityFilterChain.<init> 43 - Creating filter chain: Ant [pattern='/cards/**'], []
16:38:20.943 [main] INFO  o.s.s.web.DefaultSecurityFilterChain.<init> 43 - Creating filter chain: Ant [pattern='/tenant/**'], []
16:38:20.944 [main] INFO  o.s.s.web.DefaultSecurityFilterChain.<init> 43 - Creating filter chain: Ant [pattern='/jwtlogin/**'], []
16:38:20.980 [main] INFO  o.s.s.web.DefaultSecurityFilterChain.<init> 43 - Creating filter chain: Ant [pattern='/lti'], [org.springframework.security.web.context.request.async.WebAsyncManagerIntegrationFilter@56ad1756, org.springframework.security.web.context.SecurityContextPersistenceFilter@3030747f, org.springframework.security.web.header.HeaderWriterFilter@2f852912, org.springframework.security.web.authentication.logout.LogoutFilter@59e0683, org.springframework.security.web.savedrequest.RequestCacheAwareFilter@703291a8, org.springframework.security.web.servletapi.SecurityContextHolderAwareRequestFilter@47fc9a1d, org.springframework.security.web.authentication.AnonymousAuthenticationFilter@420de924, org.springframework.security.web.session.SessionManagementFilter@f9716ca, org.springframework.security.web.access.ExceptionTranslationFilter@c5ea204, org.springframework.security.web.access.intercept.FilterSecurityInterceptor@bf3e8f7]
16:38:20.991 [main] INFO  o.s.s.web.DefaultSecurityFilterChain.<init> 43 - Creating filter chain: org.springframework.security.web.util.matcher.AnyRequestMatcher@1, [org.springframework.security.web.context.request.async.WebAsyncManagerIntegrationFilter@4b406109, org.springframework.security.web.context.SecurityContextPersistenceFilter@71761b90, org.springframework.security.web.header.HeaderWriterFilter@132b923e, org.springframework.security.web.csrf.CsrfFilter@7fcf87c5, org.springframework.security.web.authentication.logout.LogoutFilter@5e5e306, org.springframework.security.web.authentication.www.BasicAuthenticationFilter@4f54e2c0, org.springframework.security.web.savedrequest.RequestCacheAwareFilter@778aa5ea, org.springframework.security.web.servletapi.SecurityContextHolderAwareRequestFilter@38ff6347, org.springframework.security.web.authentication.AnonymousAuthenticationFilter@2a4d8fb7, org.springframework.security.web.session.SessionManagementFilter@1059de31, od.SecurityConfig$HttpBasicConfigurationAdapter$1@3edfde, org.springframework.security.web.access.ExceptionTranslationFilter@77ae3a9e, org.springframework.security.web.access.intercept.FilterSecurityInterceptor@f4d6971]
16:38:21.002 [main] INFO  o.s.s.c.ExecutorConfigurationSupport.initialize 165 - Initializing ExecutorService 
16:38:21.005 [main] INFO  o.s.s.c.ExecutorConfigurationSupport.initialize 165 - Initializing ExecutorService  'taskExecutor'
16:38:21.550 [main] INFO  o.s.jmx.export.MBeanExporter.afterSingletonsInstantiated 431 - Registering beans for JMX exposure on startup
16:38:21.557 [main] INFO  o.s.jmx.export.MBeanExporter.autodetect 912 - Bean with name 'configurationPropertiesRebinder' has been autodetected for JMX exposure
16:38:21.557 [main] INFO  o.s.jmx.export.MBeanExporter.autodetect 912 - Bean with name 'refreshScope' has been autodetected for JMX exposure
16:38:21.557 [main] INFO  o.s.jmx.export.MBeanExporter.autodetect 912 - Bean with name 'environmentManager' has been autodetected for JMX exposure
16:38:21.560 [main] INFO  o.s.jmx.export.MBeanExporter.registerBeanInstance 674 - Located managed bean 'environmentManager': registering with JMX server as MBean [org.springframework.cloud.context.environment:name=environmentManager,type=EnvironmentManager]
16:38:21.569 [main] INFO  o.s.jmx.export.MBeanExporter.registerBeanInstance 674 - Located managed bean 'refreshScope': registering with JMX server as MBean [org.springframework.cloud.context.scope.refresh:name=refreshScope,type=RefreshScope]
16:38:21.576 [main] INFO  o.s.jmx.export.MBeanExporter.registerBeanInstance 674 - Located managed bean 'configurationPropertiesRebinder': registering with JMX server as MBean [org.springframework.cloud.context.properties:name=configurationPropertiesRebinder,context=47641b02,type=ConfigurationPropertiesRebinder]
16:38:21.715 [main] INFO  o.s.s.a.ScheduledAnnotationBeanPostProcessor.finishRegistration 244 - No TaskScheduler/ScheduledExecutorService bean found for scheduled processing
16:38:21.750 [main] INFO  o.s.b.c.e.t.TomcatEmbeddedServletContainer.start 186 - Tomcat started on port(s): 8081 (http)
16:38:21.753 [main] INFO  o.s.boot.StartupInfoLogger.logStarted 57 - Started OpenDashboard in 4.866 seconds (JVM running for 51.628)
16:38:21.766 [pool-1-thread-1] ERROR o.s.s.s.TaskUtils$LoggingErrorHandler.handleError 95 - Unexpected error occurred in scheduled task.
org.springframework.web.client.ResourceAccessException: I/O error on POST request for "http://localhost:9966/api/auth/login": Connection refused (Connection refused); nested exception is java.net.ConnectException: Connection refused (Connection refused)
	at org.springframework.web.client.RestTemplate.doExecute(RestTemplate.java:633)
	at org.springframework.web.client.RestTemplate.execute(RestTemplate.java:580)
	at org.springframework.web.client.RestTemplate.exchange(RestTemplate.java:498)
	at od.providers.matthews.MatthewsClient.getToken(MatthewsClient.java:78)
	at od.providers.matthews.MatthewsClient.getHeaders(MatthewsClient.java:59)
	at od.providers.enrollment.MatthewsEnrollmentProvider.getUniqueUsersWithRole(MatthewsEnrollmentProvider.java:99)
	at od.tasks.PulseCacheTask.updatePulseCache(PulseCacheTask.java:43)
	at sun.reflect.NativeMethodAccessorImpl.invoke0(Native Method)
	at sun.reflect.NativeMethodAccessorImpl.invoke(NativeMethodAccessorImpl.java:62)
	at sun.reflect.DelegatingMethodAccessorImpl.invoke(DelegatingMethodAccessorImpl.java:43)
	at java.lang.reflect.Method.invoke(Method.java:498)
	at org.springframework.scheduling.support.ScheduledMethodRunnable.run(ScheduledMethodRunnable.java:65)
	at org.springframework.scheduling.support.DelegatingErrorHandlingRunnable.run(DelegatingErrorHandlingRunnable.java:54)
	at java.util.concurrent.Executors$RunnableAdapter.call(Executors.java:511)
	at java.util.concurrent.FutureTask.runAndReset(FutureTask.java:308)
	at java.util.concurrent.ScheduledThreadPoolExecutor$ScheduledFutureTask.access$301(ScheduledThreadPoolExecutor.java:180)
	at java.util.concurrent.ScheduledThreadPoolExecutor$ScheduledFutureTask.run(ScheduledThreadPoolExecutor.java:294)
	at java.util.concurrent.ThreadPoolExecutor.runWorker(ThreadPoolExecutor.java:1149)
	at java.util.concurrent.ThreadPoolExecutor$Worker.run(ThreadPoolExecutor.java:624)
	at java.lang.Thread.run(Thread.java:748)
Caused by: java.net.ConnectException: Connection refused (Connection refused)
	at java.net.PlainSocketImpl.socketConnect(Native Method)
	at java.net.AbstractPlainSocketImpl.doConnect(AbstractPlainSocketImpl.java:350)
	at java.net.AbstractPlainSocketImpl.connectToAddress(AbstractPlainSocketImpl.java:206)
	at java.net.AbstractPlainSocketImpl.connect(AbstractPlainSocketImpl.java:188)
	at java.net.SocksSocketImpl.connect(SocksSocketImpl.java:392)
	at java.net.Socket.connect(Socket.java:589)
	at java.net.Socket.connect(Socket.java:538)
	at sun.net.NetworkClient.doConnect(NetworkClient.java:180)
	at sun.net.www.http.HttpClient.openServer(HttpClient.java:463)
	at sun.net.www.http.HttpClient.openServer(HttpClient.java:558)
	at sun.net.www.http.HttpClient.<init>(HttpClient.java:242)
	at sun.net.www.http.HttpClient.New(HttpClient.java:339)
	at sun.net.www.http.HttpClient.New(HttpClient.java:357)
	at sun.net.www.protocol.http.HttpURLConnection.getNewHttpClient(HttpURLConnection.java:1226)
	at sun.net.www.protocol.http.HttpURLConnection.plainConnect0(HttpURLConnection.java:1162)
	at sun.net.www.protocol.http.HttpURLConnection.plainConnect(HttpURLConnection.java:1056)
	at sun.net.www.protocol.http.HttpURLConnection.connect(HttpURLConnection.java:990)
	at org.springframework.http.client.SimpleBufferingClientHttpRequest.executeInternal(SimpleBufferingClientHttpRequest.java:78)
	at org.springframework.http.client.AbstractBufferingClientHttpRequest.executeInternal(AbstractBufferingClientHttpRequest.java:48)
	at org.springframework.http.client.AbstractClientHttpRequest.execute(AbstractClientHttpRequest.java:53)
	at org.springframework.web.client.RestTemplate.doExecute(RestTemplate.java:619)
	... 19 common frames omitted
16:38:23.021 [http-nio-8081-exec-1] INFO  org.apache.juli.logging.DirectJDKLog.log 179 - Initializing Spring FrameworkServlet 'dispatcherServlet'
16:38:23.042 [http-nio-8081-exec-1] DEBUG od.ExceptionFilter.doFilterInternal 46 - In ExceptionFilter
16:38:23.455 [http-nio-8081-exec-4] INFO  c.m.diagnostics.logging.SLF4JLogger.info 71 - Opened connection [connectionId{localValue:3, serverValue:19}] to localhost:27017
16:38:23.456 [http-nio-8081-exec-3] INFO  c.m.diagnostics.logging.SLF4JLogger.info 71 - Opened connection [connectionId{localValue:4, serverValue:20}] to localhost:27017
16:38:28.686 [http-nio-8081-exec-10] DEBUG o.a.OpenDashboardAuthenticationProvider.supports 28 - true
16:38:28.687 [http-nio-8081-exec-10] DEBUG od.auth.DemoAuthenticator.authenticate 27 - od.auth.OpenDashboardAuthenticationToken@2cdb4: Principal: null; Credentials: [PROTECTED]; Authenticated: true; Details: org.springframework.security.web.authentication.WebAuthenticationDetails@fffd3270: RemoteIpAddress: 0:0:0:0:0:0:0:1; SessionId: 9141c5b2-0b0d-449c-970d-974cd5072a26; Not granted any authorities
16:38:28.744 [http-nio-8081-exec-6] INFO  c.m.diagnostics.logging.SLF4JLogger.info 71 - Opened connection [connectionId{localValue:5, serverValue:21}] to localhost:27017
16:38:29.090 [http-nio-8081-exec-7] DEBUG o.OpenDashboard$AuthenticatedCheckController.user 88 - od.auth.OpenDashboardAuthenticationToken@bd96bc6f: Principal: od.auth.OpenDashboardUser@b3e665dd: Username: teacher-sourcedId-1; Password: [PROTECTED]; Enabled: true; AccountNonExpired: true; credentialsNonExpired: true; AccountNonLocked: true; Granted Authorities: ROLE_INSTRUCTOR; Credentials: [PROTECTED]; Authenticated: true; Details: org.springframework.security.web.authentication.WebAuthenticationDetails@fffd3270: RemoteIpAddress: 0:0:0:0:0:0:0:1; SessionId: 9141c5b2-0b0d-449c-970d-974cd5072a26; Granted Authorities: ROLE_INSTRUCTOR
16:38:29.090 [http-nio-8081-exec-7] DEBUG o.OpenDashboard$AuthenticatedCheckController.user 89 - od.auth.OpenDashboardAuthenticationToken
16:38:29.317 [http-nio-8081-exec-2] DEBUG od.ExceptionFilter.doFilterInternal 46 - In ExceptionFilter
16:38:29.319 [http-nio-8081-exec-2] DEBUG od.MethodSecurity.checkTenant 28 - od.auth.OpenDashboardAuthenticationToken@bd96bc6f: Principal: od.auth.OpenDashboardUser@b3e665dd: Username: teacher-sourcedId-1; Password: [PROTECTED]; Enabled: true; AccountNonExpired: true; credentialsNonExpired: true; AccountNonLocked: true; Granted Authorities: ROLE_INSTRUCTOR; Credentials: [PROTECTED]; Authenticated: true; Details: org.springframework.security.web.authentication.WebAuthenticationDetails@fffd3270: RemoteIpAddress: 0:0:0:0:0:0:0:1; SessionId: 9141c5b2-0b0d-449c-970d-974cd5072a26; Granted Authorities: ROLE_INSTRUCTOR
16:38:29.320 [http-nio-8081-exec-2] DEBUG od.MethodSecurity.checkTenant 29 - 5ca78f0dccefe1372108311f
16:38:29.325 [http-nio-8081-exec-2] DEBUG od.framework.api.PulseController.pulse 89 - tenantId: 5ca78f0dccefe1372108311f
16:38:29.325 [http-nio-8081-exec-2] DEBUG od.framework.api.PulseController.pulse 90 - userId: teacher-sourcedId-1
16:38:29.325 [http-nio-8081-exec-2] DEBUG od.framework.api.PulseController.pulse 91 - Authentication: od.auth.OpenDashboardAuthenticationToken@bd96bc6f: Principal: od.auth.OpenDashboardUser@b3e665dd: Username: teacher-sourcedId-1; Password: [PROTECTED]; Enabled: true; AccountNonExpired: true; credentialsNonExpired: true; AccountNonLocked: true; Granted Authorities: ROLE_INSTRUCTOR; Credentials: [PROTECTED]; Authenticated: true; Details: org.springframework.security.web.authentication.WebAuthenticationDetails@fffd3270: RemoteIpAddress: 0:0:0:0:0:0:0:1; SessionId: 9141c5b2-0b0d-449c-970d-974cd5072a26; Granted Authorities: ROLE_INSTRUCTOR
16:38:29.336 [http-nio-8081-exec-2] WARN  od.framework.api.PulseController.pulse 167 - No providers configured for type: MODELOUTPUT
16:38:29.342 [http-nio-8081-exec-2] ERROR od.utils.AppControllerAdvice.handleAppException 82 - Exception
org.springframework.web.client.ResourceAccessException: I/O error on POST request for "http://localhost:9966/api/auth/login": Connection refused (Connection refused); nested exception is java.net.ConnectException: Connection refused (Connection refused)
	at org.springframework.web.client.RestTemplate.doExecute(RestTemplate.java:633)
	at org.springframework.web.client.RestTemplate.execute(RestTemplate.java:580)
	at org.springframework.web.client.RestTemplate.exchange(RestTemplate.java:498)
	at od.providers.matthews.MatthewsClient.getToken(MatthewsClient.java:78)
	at od.providers.matthews.MatthewsClient.getHeaders(MatthewsClient.java:59)
	at od.providers.enrollment.MatthewsEnrollmentProvider.fetch(MatthewsEnrollmentProvider.java:70)
	at od.providers.enrollment.MatthewsEnrollmentProvider.getEnrollmentsForUser(MatthewsEnrollmentProvider.java:89)
	at od.framework.api.PulseController.pulse(PulseController.java:180)
	at od.framework.api.PulseController$$FastClassBySpringCGLIB$$163559d8.invoke(<generated>)
	at org.springframework.cglib.proxy.MethodProxy.invoke(MethodProxy.java:204)
	at org.springframework.aop.framework.CglibAopProxy$CglibMethodInvocation.invokeJoinpoint(CglibAopProxy.java:720)
	at org.springframework.aop.framework.ReflectiveMethodInvocation.proceed(ReflectiveMethodInvocation.java:157)
	at org.springframework.security.access.intercept.aopalliance.MethodSecurityInterceptor.invoke(MethodSecurityInterceptor.java:69)
	at org.springframework.aop.framework.ReflectiveMethodInvocation.proceed(ReflectiveMethodInvocation.java:179)
	at org.springframework.aop.framework.CglibAopProxy$DynamicAdvisedInterceptor.intercept(CglibAopProxy.java:655)
	at od.framework.api.PulseController$$EnhancerBySpringCGLIB$$fd65103c.pulse(<generated>)
	at sun.reflect.NativeMethodAccessorImpl.invoke0(Native Method)
	at sun.reflect.NativeMethodAccessorImpl.invoke(NativeMethodAccessorImpl.java:62)
	at sun.reflect.DelegatingMethodAccessorImpl.invoke(DelegatingMethodAccessorImpl.java:43)
	at java.lang.reflect.Method.invoke(Method.java:498)
	at org.springframework.web.method.support.InvocableHandlerMethod.doInvoke(InvocableHandlerMethod.java:221)
	at org.springframework.web.method.support.InvocableHandlerMethod.invokeForRequest(InvocableHandlerMethod.java:136)
	at org.springframework.web.servlet.mvc.method.annotation.ServletInvocableHandlerMethod.invokeAndHandle(ServletInvocableHandlerMethod.java:114)
	at org.springframework.web.servlet.mvc.method.annotation.RequestMappingHandlerAdapter.invokeHandlerMethod(RequestMappingHandlerAdapter.java:827)
	at org.springframework.web.servlet.mvc.method.annotation.RequestMappingHandlerAdapter.handleInternal(RequestMappingHandlerAdapter.java:738)
	at org.springframework.web.servlet.mvc.method.AbstractHandlerMethodAdapter.handle(AbstractHandlerMethodAdapter.java:85)
	at org.springframework.web.servlet.DispatcherServlet.doDispatch(DispatcherServlet.java:963)
	at org.springframework.web.servlet.DispatcherServlet.doService(DispatcherServlet.java:897)
	at org.springframework.web.servlet.FrameworkServlet.processRequest(FrameworkServlet.java:970)
	at org.springframework.web.servlet.FrameworkServlet.doGet(FrameworkServlet.java:861)
	at javax.servlet.http.HttpServlet.service(HttpServlet.java:622)
	at org.springframework.web.servlet.FrameworkServlet.service(FrameworkServlet.java:846)
	at javax.servlet.http.HttpServlet.service(HttpServlet.java:729)
	at org.apache.catalina.core.ApplicationFilterChain.internalDoFilter(ApplicationFilterChain.java:230)
	at org.apache.catalina.core.ApplicationFilterChain.doFilter(ApplicationFilterChain.java:165)
	at org.apache.tomcat.websocket.server.WsFilter.doFilter(WsFilter.java:52)
	at org.apache.catalina.core.ApplicationFilterChain.internalDoFilter(ApplicationFilterChain.java:192)
	at org.apache.catalina.core.ApplicationFilterChain.doFilter(ApplicationFilterChain.java:165)
	at org.springframework.security.web.FilterChainProxy$VirtualFilterChain.doFilter(FilterChainProxy.java:317)
	at org.springframework.security.web.access.intercept.FilterSecurityInterceptor.invoke(FilterSecurityInterceptor.java:127)
	at org.springframework.security.web.access.intercept.FilterSecurityInterceptor.doFilter(FilterSecurityInterceptor.java:91)
	at org.springframework.security.web.FilterChainProxy$VirtualFilterChain.doFilter(FilterChainProxy.java:331)
	at org.springframework.security.web.access.ExceptionTranslationFilter.doFilter(ExceptionTranslationFilter.java:115)
	at org.springframework.security.web.FilterChainProxy$VirtualFilterChain.doFilter(FilterChainProxy.java:331)
	at od.SecurityConfig$HttpBasicConfigurationAdapter$1.doFilterInternal(SecurityConfig.java:178)
	at org.springframework.web.filter.OncePerRequestFilter.doFilter(OncePerRequestFilter.java:107)
	at org.springframework.security.web.FilterChainProxy$VirtualFilterChain.doFilter(FilterChainProxy.java:331)
	at org.springframework.security.web.session.SessionManagementFilter.doFilter(SessionManagementFilter.java:137)
	at org.springframework.security.web.FilterChainProxy$VirtualFilterChain.doFilter(FilterChainProxy.java:331)
	at org.springframework.security.web.authentication.AnonymousAuthenticationFilter.doFilter(AnonymousAuthenticationFilter.java:111)
	at org.springframework.security.web.FilterChainProxy$VirtualFilterChain.doFilter(FilterChainProxy.java:331)
	at org.springframework.security.web.servletapi.SecurityContextHolderAwareRequestFilter.doFilter(SecurityContextHolderAwareRequestFilter.java:169)
	at org.springframework.security.web.FilterChainProxy$VirtualFilterChain.doFilter(FilterChainProxy.java:331)
	at org.springframework.security.web.savedrequest.RequestCacheAwareFilter.doFilter(RequestCacheAwareFilter.java:63)
	at org.springframework.security.web.FilterChainProxy$VirtualFilterChain.doFilter(FilterChainProxy.java:331)
	at org.springframework.security.web.authentication.www.BasicAuthenticationFilter.doFilterInternal(BasicAuthenticationFilter.java:158)
	at org.springframework.web.filter.OncePerRequestFilter.doFilter(OncePerRequestFilter.java:107)
	at org.springframework.security.web.FilterChainProxy$VirtualFilterChain.doFilter(FilterChainProxy.java:331)
	at org.springframework.security.web.authentication.logout.LogoutFilter.doFilter(LogoutFilter.java:121)
	at org.springframework.security.web.FilterChainProxy$VirtualFilterChain.doFilter(FilterChainProxy.java:331)
	at org.springframework.security.web.csrf.CsrfFilter.doFilterInternal(CsrfFilter.java:100)
	at org.springframework.web.filter.OncePerRequestFilter.doFilter(OncePerRequestFilter.java:107)
	at org.springframework.security.web.FilterChainProxy$VirtualFilterChain.doFilter(FilterChainProxy.java:331)
	at org.springframework.security.web.header.HeaderWriterFilter.doFilterInternal(HeaderWriterFilter.java:66)
	at org.springframework.web.filter.OncePerRequestFilter.doFilter(OncePerRequestFilter.java:107)
	at org.springframework.security.web.FilterChainProxy$VirtualFilterChain.doFilter(FilterChainProxy.java:331)
	at org.springframework.security.web.context.SecurityContextPersistenceFilter.doFilter(SecurityContextPersistenceFilter.java:105)
	at org.springframework.security.web.FilterChainProxy$VirtualFilterChain.doFilter(FilterChainProxy.java:331)
	at org.springframework.security.web.context.request.async.WebAsyncManagerIntegrationFilter.doFilterInternal(WebAsyncManagerIntegrationFilter.java:56)
	at org.springframework.web.filter.OncePerRequestFilter.doFilter(OncePerRequestFilter.java:107)
	at org.springframework.security.web.FilterChainProxy$VirtualFilterChain.doFilter(FilterChainProxy.java:331)
	at org.springframework.security.web.FilterChainProxy.doFilterInternal(FilterChainProxy.java:214)
	at org.springframework.security.web.FilterChainProxy.doFilter(FilterChainProxy.java:177)
	at org.springframework.web.filter.DelegatingFilterProxy.invokeDelegate(DelegatingFilterProxy.java:346)
	at org.springframework.web.filter.DelegatingFilterProxy.doFilter(DelegatingFilterProxy.java:262)
	at org.apache.catalina.core.ApplicationFilterChain.internalDoFilter(ApplicationFilterChain.java:192)
	at org.apache.catalina.core.ApplicationFilterChain.doFilter(ApplicationFilterChain.java:165)
	at org.springframework.web.filter.RequestContextFilter.doFilterInternal(RequestContextFilter.java:99)
	at org.springframework.web.filter.OncePerRequestFilter.doFilter(OncePerRequestFilter.java:107)
	at org.apache.catalina.core.ApplicationFilterChain.internalDoFilter(ApplicationFilterChain.java:192)
	at org.apache.catalina.core.ApplicationFilterChain.doFilter(ApplicationFilterChain.java:165)
	at org.springframework.web.filter.HttpPutFormContentFilter.doFilterInternal(HttpPutFormContentFilter.java:87)
	at org.springframework.web.filter.OncePerRequestFilter.doFilter(OncePerRequestFilter.java:107)
	at org.apache.catalina.core.ApplicationFilterChain.internalDoFilter(ApplicationFilterChain.java:192)
	at org.apache.catalina.core.ApplicationFilterChain.doFilter(ApplicationFilterChain.java:165)
	at org.springframework.web.filter.HiddenHttpMethodFilter.doFilterInternal(HiddenHttpMethodFilter.java:77)
	at org.springframework.web.filter.OncePerRequestFilter.doFilter(OncePerRequestFilter.java:107)
	at org.apache.catalina.core.ApplicationFilterChain.internalDoFilter(ApplicationFilterChain.java:192)
	at org.apache.catalina.core.ApplicationFilterChain.doFilter(ApplicationFilterChain.java:165)
	at org.springframework.session.web.http.SessionRepositoryFilter.doFilterInternal(SessionRepositoryFilter.java:164)
	at org.springframework.session.web.http.OncePerRequestFilter.doFilter(OncePerRequestFilter.java:80)
	at org.apache.catalina.core.ApplicationFilterChain.internalDoFilter(ApplicationFilterChain.java:192)
	at org.apache.catalina.core.ApplicationFilterChain.doFilter(ApplicationFilterChain.java:165)
	at org.springframework.web.filter.CharacterEncodingFilter.doFilterInternal(CharacterEncodingFilter.java:197)
	at org.springframework.web.filter.OncePerRequestFilter.doFilter(OncePerRequestFilter.java:107)
	at org.apache.catalina.core.ApplicationFilterChain.internalDoFilter(ApplicationFilterChain.java:192)
	at org.apache.catalina.core.ApplicationFilterChain.doFilter(ApplicationFilterChain.java:165)
	at od.ExceptionFilter.doFilterInternal(ExceptionFilter.java:49)
	at org.springframework.web.filter.OncePerRequestFilter.doFilter(OncePerRequestFilter.java:107)
	at org.apache.catalina.core.ApplicationFilterChain.internalDoFilter(ApplicationFilterChain.java:192)
	at org.apache.catalina.core.ApplicationFilterChain.doFilter(ApplicationFilterChain.java:165)
	at org.apache.catalina.core.StandardWrapperValve.invoke(StandardWrapperValve.java:198)
	at org.apache.catalina.core.StandardContextValve.invoke(StandardContextValve.java:108)
	at org.apache.catalina.authenticator.AuthenticatorBase.invoke(AuthenticatorBase.java:522)
	at org.apache.catalina.core.StandardHostValve.invoke(StandardHostValve.java:140)
	at org.apache.catalina.valves.ErrorReportValve.invoke(ErrorReportValve.java:79)
	at org.apache.catalina.core.StandardEngineValve.invoke(StandardEngineValve.java:87)
	at org.apache.catalina.valves.RemoteIpValve.invoke(RemoteIpValve.java:677)
	at org.apache.catalina.connector.CoyoteAdapter.service(CoyoteAdapter.java:349)
	at org.apache.coyote.http11.Http11Processor.service(Http11Processor.java:1110)
	at org.apache.coyote.AbstractProcessorLight.process(AbstractProcessorLight.java:66)
	at org.apache.coyote.AbstractProtocol$ConnectionHandler.process(AbstractProtocol.java:785)
	at org.apache.tomcat.util.net.NioEndpoint$SocketProcessor.doRun(NioEndpoint.java:1425)
	at org.apache.tomcat.util.net.SocketProcessorBase.run(SocketProcessorBase.java:49)
	at java.util.concurrent.ThreadPoolExecutor.runWorker(ThreadPoolExecutor.java:1149)
	at java.util.concurrent.ThreadPoolExecutor$Worker.run(ThreadPoolExecutor.java:624)
	at org.apache.tomcat.util.threads.TaskThread$WrappingRunnable.run(TaskThread.java:61)
	at java.lang.Thread.run(Thread.java:748)
Caused by: java.net.ConnectException: Connection refused (Connection refused)
	at java.net.PlainSocketImpl.socketConnect(Native Method)
	at java.net.AbstractPlainSocketImpl.doConnect(AbstractPlainSocketImpl.java:350)
	at java.net.AbstractPlainSocketImpl.connectToAddress(AbstractPlainSocketImpl.java:206)
	at java.net.AbstractPlainSocketImpl.connect(AbstractPlainSocketImpl.java:188)
	at java.net.SocksSocketImpl.connect(SocksSocketImpl.java:392)
	at java.net.Socket.connect(Socket.java:589)
	at java.net.Socket.connect(Socket.java:538)
	at sun.net.NetworkClient.doConnect(NetworkClient.java:180)
	at sun.net.www.http.HttpClient.openServer(HttpClient.java:463)
	at sun.net.www.http.HttpClient.openServer(HttpClient.java:558)
	at sun.net.www.http.HttpClient.<init>(HttpClient.java:242)
	at sun.net.www.http.HttpClient.New(HttpClient.java:339)
	at sun.net.www.http.HttpClient.New(HttpClient.java:357)
	at sun.net.www.protocol.http.HttpURLConnection.getNewHttpClient(HttpURLConnection.java:1226)
	at sun.net.www.protocol.http.HttpURLConnection.plainConnect0(HttpURLConnection.java:1162)
	at sun.net.www.protocol.http.HttpURLConnection.plainConnect(HttpURLConnection.java:1056)
	at sun.net.www.protocol.http.HttpURLConnection.connect(HttpURLConnection.java:990)
	at org.springframework.http.client.SimpleBufferingClientHttpRequest.executeInternal(SimpleBufferingClientHttpRequest.java:78)
	at org.springframework.http.client.AbstractBufferingClientHttpRequest.executeInternal(AbstractBufferingClientHttpRequest.java:48)
	at org.springframework.http.client.AbstractClientHttpRequest.execute(AbstractClientHttpRequest.java:53)
	at org.springframework.web.client.RestTemplate.doExecute(RestTemplate.java:619)
	... 117 common frames omitted
16:38:29.343 [http-nio-8081-exec-2] ERROR od.utils.AppControllerAdvice.handleAppException 84 - I/O error on POST request for "http://localhost:9966/api/auth/login": Connection refused (Connection refused); nested exception is java.net.ConnectException: Connection refused (Connection refused)
org.springframework.web.client.ResourceAccessException: I/O error on POST request for "http://localhost:9966/api/auth/login": Connection refused (Connection refused); nested exception is java.net.ConnectException: Connection refused (Connection refused)
	at org.springframework.web.client.RestTemplate.doExecute(RestTemplate.java:633)
	at org.springframework.web.client.RestTemplate.execute(RestTemplate.java:580)
	at org.springframework.web.client.RestTemplate.exchange(RestTemplate.java:498)
	at od.providers.matthews.MatthewsClient.getToken(MatthewsClient.java:78)
	at od.providers.matthews.MatthewsClient.getHeaders(MatthewsClient.java:59)
	at od.providers.enrollment.MatthewsEnrollmentProvider.fetch(MatthewsEnrollmentProvider.java:70)
	at od.providers.enrollment.MatthewsEnrollmentProvider.getEnrollmentsForUser(MatthewsEnrollmentProvider.java:89)
	at od.framework.api.PulseController.pulse(PulseController.java:180)
	at od.framework.api.PulseController$$FastClassBySpringCGLIB$$163559d8.invoke(<generated>)
	at org.springframework.cglib.proxy.MethodProxy.invoke(MethodProxy.java:204)
	at org.springframework.aop.framework.CglibAopProxy$CglibMethodInvocation.invokeJoinpoint(CglibAopProxy.java:720)
	at org.springframework.aop.framework.ReflectiveMethodInvocation.proceed(ReflectiveMethodInvocation.java:157)
	at org.springframework.security.access.intercept.aopalliance.MethodSecurityInterceptor.invoke(MethodSecurityInterceptor.java:69)
	at org.springframework.aop.framework.ReflectiveMethodInvocation.proceed(ReflectiveMethodInvocation.java:179)
	at org.springframework.aop.framework.CglibAopProxy$DynamicAdvisedInterceptor.intercept(CglibAopProxy.java:655)
	at od.framework.api.PulseController$$EnhancerBySpringCGLIB$$fd65103c.pulse(<generated>)
	at sun.reflect.NativeMethodAccessorImpl.invoke0(Native Method)
	at sun.reflect.NativeMethodAccessorImpl.invoke(NativeMethodAccessorImpl.java:62)
	at sun.reflect.DelegatingMethodAccessorImpl.invoke(DelegatingMethodAccessorImpl.java:43)
	at java.lang.reflect.Method.invoke(Method.java:498)
	at org.springframework.web.method.support.InvocableHandlerMethod.doInvoke(InvocableHandlerMethod.java:221)
	at org.springframework.web.method.support.InvocableHandlerMethod.invokeForRequest(InvocableHandlerMethod.java:136)
	at org.springframework.web.servlet.mvc.method.annotation.ServletInvocableHandlerMethod.invokeAndHandle(ServletInvocableHandlerMethod.java:114)
	at org.springframework.web.servlet.mvc.method.annotation.RequestMappingHandlerAdapter.invokeHandlerMethod(RequestMappingHandlerAdapter.java:827)
	at org.springframework.web.servlet.mvc.method.annotation.RequestMappingHandlerAdapter.handleInternal(RequestMappingHandlerAdapter.java:738)
	at org.springframework.web.servlet.mvc.method.AbstractHandlerMethodAdapter.handle(AbstractHandlerMethodAdapter.java:85)
	at org.springframework.web.servlet.DispatcherServlet.doDispatch(DispatcherServlet.java:963)
	at org.springframework.web.servlet.DispatcherServlet.doService(DispatcherServlet.java:897)
	at org.springframework.web.servlet.FrameworkServlet.processRequest(FrameworkServlet.java:970)
	at org.springframework.web.servlet.FrameworkServlet.doGet(FrameworkServlet.java:861)
	at javax.servlet.http.HttpServlet.service(HttpServlet.java:622)
	at org.springframework.web.servlet.FrameworkServlet.service(FrameworkServlet.java:846)
	at javax.servlet.http.HttpServlet.service(HttpServlet.java:729)
	at org.apache.catalina.core.ApplicationFilterChain.internalDoFilter(ApplicationFilterChain.java:230)
	at org.apache.catalina.core.ApplicationFilterChain.doFilter(ApplicationFilterChain.java:165)
	at org.apache.tomcat.websocket.server.WsFilter.doFilter(WsFilter.java:52)
	at org.apache.catalina.core.ApplicationFilterChain.internalDoFilter(ApplicationFilterChain.java:192)
	at org.apache.catalina.core.ApplicationFilterChain.doFilter(ApplicationFilterChain.java:165)
	at org.springframework.security.web.FilterChainProxy$VirtualFilterChain.doFilter(FilterChainProxy.java:317)
	at org.springframework.security.web.access.intercept.FilterSecurityInterceptor.invoke(FilterSecurityInterceptor.java:127)
	at org.springframework.security.web.access.intercept.FilterSecurityInterceptor.doFilter(FilterSecurityInterceptor.java:91)
	at org.springframework.security.web.FilterChainProxy$VirtualFilterChain.doFilter(FilterChainProxy.java:331)
	at org.springframework.security.web.access.ExceptionTranslationFilter.doFilter(ExceptionTranslationFilter.java:115)
	at org.springframework.security.web.FilterChainProxy$VirtualFilterChain.doFilter(FilterChainProxy.java:331)
	at od.SecurityConfig$HttpBasicConfigurationAdapter$1.doFilterInternal(SecurityConfig.java:178)
	at org.springframework.web.filter.OncePerRequestFilter.doFilter(OncePerRequestFilter.java:107)
	at org.springframework.security.web.FilterChainProxy$VirtualFilterChain.doFilter(FilterChainProxy.java:331)
	at org.springframework.security.web.session.SessionManagementFilter.doFilter(SessionManagementFilter.java:137)
	at org.springframework.security.web.FilterChainProxy$VirtualFilterChain.doFilter(FilterChainProxy.java:331)
	at org.springframework.security.web.authentication.AnonymousAuthenticationFilter.doFilter(AnonymousAuthenticationFilter.java:111)
	at org.springframework.security.web.FilterChainProxy$VirtualFilterChain.doFilter(FilterChainProxy.java:331)
	at org.springframework.security.web.servletapi.SecurityContextHolderAwareRequestFilter.doFilter(SecurityContextHolderAwareRequestFilter.java:169)
	at org.springframework.security.web.FilterChainProxy$VirtualFilterChain.doFilter(FilterChainProxy.java:331)
	at org.springframework.security.web.savedrequest.RequestCacheAwareFilter.doFilter(RequestCacheAwareFilter.java:63)
	at org.springframework.security.web.FilterChainProxy$VirtualFilterChain.doFilter(FilterChainProxy.java:331)
	at org.springframework.security.web.authentication.www.BasicAuthenticationFilter.doFilterInternal(BasicAuthenticationFilter.java:158)
	at org.springframework.web.filter.OncePerRequestFilter.doFilter(OncePerRequestFilter.java:107)
	at org.springframework.security.web.FilterChainProxy$VirtualFilterChain.doFilter(FilterChainProxy.java:331)
	at org.springframework.security.web.authentication.logout.LogoutFilter.doFilter(LogoutFilter.java:121)
	at org.springframework.security.web.FilterChainProxy$VirtualFilterChain.doFilter(FilterChainProxy.java:331)
	at org.springframework.security.web.csrf.CsrfFilter.doFilterInternal(CsrfFilter.java:100)
	at org.springframework.web.filter.OncePerRequestFilter.doFilter(OncePerRequestFilter.java:107)
	at org.springframework.security.web.FilterChainProxy$VirtualFilterChain.doFilter(FilterChainProxy.java:331)
	at org.springframework.security.web.header.HeaderWriterFilter.doFilterInternal(HeaderWriterFilter.java:66)
	at org.springframework.web.filter.OncePerRequestFilter.doFilter(OncePerRequestFilter.java:107)
	at org.springframework.security.web.FilterChainProxy$VirtualFilterChain.doFilter(FilterChainProxy.java:331)
	at org.springframework.security.web.context.SecurityContextPersistenceFilter.doFilter(SecurityContextPersistenceFilter.java:105)
	at org.springframework.security.web.FilterChainProxy$VirtualFilterChain.doFilter(FilterChainProxy.java:331)
	at org.springframework.security.web.context.request.async.WebAsyncManagerIntegrationFilter.doFilterInternal(WebAsyncManagerIntegrationFilter.java:56)
	at org.springframework.web.filter.OncePerRequestFilter.doFilter(OncePerRequestFilter.java:107)
	at org.springframework.security.web.FilterChainProxy$VirtualFilterChain.doFilter(FilterChainProxy.java:331)
	at org.springframework.security.web.FilterChainProxy.doFilterInternal(FilterChainProxy.java:214)
	at org.springframework.security.web.FilterChainProxy.doFilter(FilterChainProxy.java:177)
	at org.springframework.web.filter.DelegatingFilterProxy.invokeDelegate(DelegatingFilterProxy.java:346)
	at org.springframework.web.filter.DelegatingFilterProxy.doFilter(DelegatingFilterProxy.java:262)
	at org.apache.catalina.core.ApplicationFilterChain.internalDoFilter(ApplicationFilterChain.java:192)
	at org.apache.catalina.core.ApplicationFilterChain.doFilter(ApplicationFilterChain.java:165)
	at org.springframework.web.filter.RequestContextFilter.doFilterInternal(RequestContextFilter.java:99)
	at org.springframework.web.filter.OncePerRequestFilter.doFilter(OncePerRequestFilter.java:107)
	at org.apache.catalina.core.ApplicationFilterChain.internalDoFilter(ApplicationFilterChain.java:192)
	at org.apache.catalina.core.ApplicationFilterChain.doFilter(ApplicationFilterChain.java:165)
	at org.springframework.web.filter.HttpPutFormContentFilter.doFilterInternal(HttpPutFormContentFilter.java:87)
	at org.springframework.web.filter.OncePerRequestFilter.doFilter(OncePerRequestFilter.java:107)
	at org.apache.catalina.core.ApplicationFilterChain.internalDoFilter(ApplicationFilterChain.java:192)
	at org.apache.catalina.core.ApplicationFilterChain.doFilter(ApplicationFilterChain.java:165)
	at org.springframework.web.filter.HiddenHttpMethodFilter.doFilterInternal(HiddenHttpMethodFilter.java:77)
	at org.springframework.web.filter.OncePerRequestFilter.doFilter(OncePerRequestFilter.java:107)
	at org.apache.catalina.core.ApplicationFilterChain.internalDoFilter(ApplicationFilterChain.java:192)
	at org.apache.catalina.core.ApplicationFilterChain.doFilter(ApplicationFilterChain.java:165)
	at org.springframework.session.web.http.SessionRepositoryFilter.doFilterInternal(SessionRepositoryFilter.java:164)
	at org.springframework.session.web.http.OncePerRequestFilter.doFilter(OncePerRequestFilter.java:80)
	at org.apache.catalina.core.ApplicationFilterChain.internalDoFilter(ApplicationFilterChain.java:192)
	at org.apache.catalina.core.ApplicationFilterChain.doFilter(ApplicationFilterChain.java:165)
	at org.springframework.web.filter.CharacterEncodingFilter.doFilterInternal(CharacterEncodingFilter.java:197)
	at org.springframework.web.filter.OncePerRequestFilter.doFilter(OncePerRequestFilter.java:107)
	at org.apache.catalina.core.ApplicationFilterChain.internalDoFilter(ApplicationFilterChain.java:192)
	at org.apache.catalina.core.ApplicationFilterChain.doFilter(ApplicationFilterChain.java:165)
	at od.ExceptionFilter.doFilterInternal(ExceptionFilter.java:49)
	at org.springframework.web.filter.OncePerRequestFilter.doFilter(OncePerRequestFilter.java:107)
	at org.apache.catalina.core.ApplicationFilterChain.internalDoFilter(ApplicationFilterChain.java:192)
	at org.apache.catalina.core.ApplicationFilterChain.doFilter(ApplicationFilterChain.java:165)
	at org.apache.catalina.core.StandardWrapperValve.invoke(StandardWrapperValve.java:198)
	at org.apache.catalina.core.StandardContextValve.invoke(StandardContextValve.java:108)
	at org.apache.catalina.authenticator.AuthenticatorBase.invoke(AuthenticatorBase.java:522)
	at org.apache.catalina.core.StandardHostValve.invoke(StandardHostValve.java:140)
	at org.apache.catalina.valves.ErrorReportValve.invoke(ErrorReportValve.java:79)
	at org.apache.catalina.core.StandardEngineValve.invoke(StandardEngineValve.java:87)
	at org.apache.catalina.valves.RemoteIpValve.invoke(RemoteIpValve.java:677)
	at org.apache.catalina.connector.CoyoteAdapter.service(CoyoteAdapter.java:349)
	at org.apache.coyote.http11.Http11Processor.service(Http11Processor.java:1110)
	at org.apache.coyote.AbstractProcessorLight.process(AbstractProcessorLight.java:66)
	at org.apache.coyote.AbstractProtocol$ConnectionHandler.process(AbstractProtocol.java:785)
	at org.apache.tomcat.util.net.NioEndpoint$SocketProcessor.doRun(NioEndpoint.java:1425)
	at org.apache.tomcat.util.net.SocketProcessorBase.run(SocketProcessorBase.java:49)
	at java.util.concurrent.ThreadPoolExecutor.runWorker(ThreadPoolExecutor.java:1149)
	at java.util.concurrent.ThreadPoolExecutor$Worker.run(ThreadPoolExecutor.java:624)
	at org.apache.tomcat.util.threads.TaskThread$WrappingRunnable.run(TaskThread.java:61)
	at java.lang.Thread.run(Thread.java:748)
Caused by: java.net.ConnectException: Connection refused (Connection refused)
	at java.net.PlainSocketImpl.socketConnect(Native Method)
	at java.net.AbstractPlainSocketImpl.doConnect(AbstractPlainSocketImpl.java:350)
	at java.net.AbstractPlainSocketImpl.connectToAddress(AbstractPlainSocketImpl.java:206)
	at java.net.AbstractPlainSocketImpl.connect(AbstractPlainSocketImpl.java:188)
	at java.net.SocksSocketImpl.connect(SocksSocketImpl.java:392)
	at java.net.Socket.connect(Socket.java:589)
	at java.net.Socket.connect(Socket.java:538)
	at sun.net.NetworkClient.doConnect(NetworkClient.java:180)
	at sun.net.www.http.HttpClient.openServer(HttpClient.java:463)
	at sun.net.www.http.HttpClient.openServer(HttpClient.java:558)
	at sun.net.www.http.HttpClient.<init>(HttpClient.java:242)
	at sun.net.www.http.HttpClient.New(HttpClient.java:339)
	at sun.net.www.http.HttpClient.New(HttpClient.java:357)
	at sun.net.www.protocol.http.HttpURLConnection.getNewHttpClient(HttpURLConnection.java:1226)
	at sun.net.www.protocol.http.HttpURLConnection.plainConnect0(HttpURLConnection.java:1162)
	at sun.net.www.protocol.http.HttpURLConnection.plainConnect(HttpURLConnection.java:1056)
	at sun.net.www.protocol.http.HttpURLConnection.connect(HttpURLConnection.java:990)
	at org.springframework.http.client.SimpleBufferingClientHttpRequest.executeInternal(SimpleBufferingClientHttpRequest.java:78)
	at org.springframework.http.client.AbstractBufferingClientHttpRequest.executeInternal(AbstractBufferingClientHttpRequest.java:48)
	at org.springframework.http.client.AbstractClientHttpRequest.execute(AbstractClientHttpRequest.java:53)
	at org.springframework.web.client.RestTemplate.doExecute(RestTemplate.java:619)
	... 117 common frames omitted
16:39:10.148 [Thread-15] INFO  o.s.c.s.AbstractApplicationContext.doClose 982 - Closing org.springframework.boot.context.embedded.AnnotationConfigEmbeddedWebApplicationContext@47641b02: startup date [Mon Oct 28 16:38:18 MDT 2019]; parent: org.springframework.context.annotation.AnnotationConfigApplicationContext@1c300d43
16:39:10.150 [Thread-15] INFO  o.s.jmx.export.MBeanExporter.destroy 449 - Unregistering JMX-exposed beans on shutdown
16:39:10.150 [Thread-15] INFO  o.s.j.s.MBeanRegistrationSupport.unregisterBeans 241 - Unregistering JMX-exposed beans
16:39:10.151 [Thread-15] INFO  o.s.s.c.ExecutorConfigurationSupport.shutdown 203 - Shutting down ExecutorService 'taskExecutor'
16:39:10.153 [Thread-15] INFO  c.m.diagnostics.logging.SLF4JLogger.info 71 - Closed connection [connectionId{localValue:2, serverValue:18}] to localhost:27017 because the pool has been closed.
16:39:10.154 [Thread-15] INFO  c.m.diagnostics.logging.SLF4JLogger.info 71 - Closed connection [connectionId{localValue:4, serverValue:20}] to localhost:27017 because the pool has been closed.
16:39:10.154 [Thread-15] INFO  c.m.diagnostics.logging.SLF4JLogger.info 71 - Closed connection [connectionId{localValue:3, serverValue:19}] to localhost:27017 because the pool has been closed.
16:39:10.154 [Thread-15] INFO  c.m.diagnostics.logging.SLF4JLogger.info 71 - Closed connection [connectionId{localValue:5, serverValue:21}] to localhost:27017 because the pool has been closed.
