0 info it worked if it ends with ok
1 verbose cli [ '/Users/mpollack/unicon/projects/learning-analytics/repos/jisc-opendashboard/node/node',
1 verbose cli   '/Users/mpollack/unicon/projects/learning-analytics/repos/jisc-opendashboard/node/node_modules/npm/bin/npm-cli.js',
1 verbose cli   'run',
1 verbose cli   'build' ]
2 info using npm@3.10.3
3 info using node@v6.6.0
4 verbose run-script [ 'prebuild', 'build', 'postbuild' ]
5 info lifecycle OpenDashboard@0.0.1~prebuild: OpenDashboard@0.0.1
6 silly lifecycle OpenDashboard@0.0.1~prebuild: no script for prebuild, continuing
7 info lifecycle OpenDashboard@0.0.1~build: OpenDashboard@0.0.1
8 verbose lifecycle OpenDashboard@0.0.1~build: unsafe-perm in lifecycle true
9 verbose lifecycle OpenDashboard@0.0.1~build: PATH: /Users/mpollack/unicon/projects/learning-analytics/repos/jisc-opendashboard/node/node_modules/npm/bin/node-gyp-bin:/Users/mpollack/unicon/projects/learning-analytics/repos/jisc-opendashboard/node_modules/.bin:/Users/mpollack/unicon/projects/learning-analytics/repos/jisc-opendashboard/node:/Users/mpollack/unicon/projects/learning-analytics/repos/jisc-opendashboard/node:/Users/mpollack/.nvm/versions/node/v6.6.0/bin:/usr/local/bin:/usr/bin:/bin:/usr/sbin:/sbin:/opt/X11/bin:/usr/local/bin/:/opt/apache-maven-3.3.9/bin:
10 verbose lifecycle OpenDashboard@0.0.1~build: CWD: /Users/mpollack/unicon/projects/learning-analytics/repos/jisc-opendashboard
11 silly lifecycle OpenDashboard@0.0.1~build: Args: [ '-c', 'gulp' ]
12 silly lifecycle OpenDashboard@0.0.1~build: Returned: code: 1  signal: null
13 info lifecycle OpenDashboard@0.0.1~build: Failed to exec build script
14 verbose stack Error: OpenDashboard@0.0.1 build: `gulp`
14 verbose stack Exit status 1
14 verbose stack     at EventEmitter.<anonymous> (/Users/mpollack/unicon/projects/learning-analytics/repos/jisc-opendashboard/node/node_modules/npm/lib/utils/lifecycle.js:242:16)
14 verbose stack     at emitTwo (events.js:106:13)
14 verbose stack     at EventEmitter.emit (events.js:191:7)
14 verbose stack     at ChildProcess.<anonymous> (/Users/mpollack/unicon/projects/learning-analytics/repos/jisc-opendashboard/node/node_modules/npm/lib/utils/spawn.js:40:14)
14 verbose stack     at emitTwo (events.js:106:13)
14 verbose stack     at ChildProcess.emit (events.js:191:7)
14 verbose stack     at maybeClose (internal/child_process.js:877:16)
14 verbose stack     at Process.ChildProcess._handle.onexit (internal/child_process.js:226:5)
15 verbose pkgid OpenDashboard@0.0.1
16 verbose cwd /Users/mpollack/unicon/projects/learning-analytics/repos/jisc-opendashboard
17 error Darwin 14.5.0
18 error argv "/Users/mpollack/unicon/projects/learning-analytics/repos/jisc-opendashboard/node/node" "/Users/mpollack/unicon/projects/learning-analytics/repos/jisc-opendashboard/node/node_modules/npm/bin/npm-cli.js" "run" "build"
19 error node v6.6.0
20 error npm  v3.10.3
21 error code ELIFECYCLE
22 error OpenDashboard@0.0.1 build: `gulp`
22 error Exit status 1
23 error Failed at the OpenDashboard@0.0.1 build script 'gulp'.
23 error Make sure you have the latest version of node.js and npm installed.
23 error If you do, this is most likely a problem with the OpenDashboard package,
23 error not with npm itself.
23 error Tell the author that this fails on your system:
23 error     gulp
23 error You can get information on how to open an issue for this project with:
23 error     npm bugs OpenDashboard
23 error Or if that isn't available, you can get their info via:
23 error     npm owner ls OpenDashboard
23 error There is likely additional logging output above.
24 verbose exit [ 1, true ]
